# JRE version: Java(TM) SE Runtime Environment (8.0_211-b12) (build 1.8.0_211-b12)
# Java VM: Java HotSpot(TM) 64-Bit Server VM (25.211-b12 mixed mode bsd-amd64 compressed oops)
Heap:
 PSYoungGen      total 1835008K, used 1226869K [0x0000000740000000, 0x00000007c0000000, 0x00000007c0000000)
  eden space 1572864K, 78% used [0x0000000740000000,0x000000078ae1d410,0x00000007a0000000)
  from space 262144K, 0% used [0x00000007b0000000,0x00000007b0000000,0x00000007c0000000)
  to   space 262144K, 0% used [0x00000007a0000000,0x00000007a0000000,0x00000007b0000000)
 ParOldGen       total 4194304K, used 4989K [0x0000000640000000, 0x0000000740000000, 0x0000000740000000)
  object space 4194304K, 0% used [0x0000000640000000,0x00000006404df7c8,0x0000000740000000)
 Metaspace       used 34025K, capacity 34288K, committed 34608K, reserved 1079296K
  class space    used 4778K, capacity 4876K, committed 4912K, reserved 1048576K
GC Heap History (8 events):
Event: 6.962 GC heap before
{Heap before GC invocations=1 (full 0):
 PSYoungGen      total 1835008K, used 188743K [0x0000000740000000, 0x00000007c0000000, 0x00000007c0000000)
  eden space 1572864K, 12% used [0x0000000740000000,0x000000074b851f40,0x00000007a0000000)
  from space 262144K, 0% used [0x00000007b0000000,0x00000007b0000000,0x00000007c0000000)
  to   space 262144K, 0% used [0x00000007a0000000,0x00000007a0000000,0x00000007b0000000)
 ParOldGen       total 4194304K, used 0K [0x0000000640000000, 0x0000000740000000, 0x0000000740000000)
  object space 4194304K, 0% used [0x0000000640000000,0x0000000640000000,0x0000000740000000)
 Metaspace       used 21040K, capacity 21206K, committed 21296K, reserved 1067008K
  class space    used 3047K, capacity 3095K, committed 3120K, reserved 1048576K
Event: 6.978 GC heap after
Heap after GC invocations=1 (full 0):
 PSYoungGen      total 1835008K, used 16839K [0x0000000740000000, 0x00000007c0000000, 0x00000007c0000000)
  eden space 1572864K, 0% used [0x0000000740000000,0x0000000740000000,0x00000007a0000000)
  from space 262144K, 6% used [0x00000007a0000000,0x00000007a1071d60,0x00000007b0000000)
  to   space 262144K, 0% used [0x00000007b0000000,0x00000007b0000000,0x00000007c0000000)
 ParOldGen       total 4194304K, used 80K [0x0000000640000000, 0x0000000740000000, 0x0000000740000000)
  object space 4194304K, 0% used [0x0000000640000000,0x0000000640014010,0x0000000740000000)
 Metaspace       used 21040K, capacity 21206K, committed 21296K, reserved 1067008K
  class space    used 3047K, capacity 3095K, committed 3120K, reserved 1048576K
}
Event: 6.978 GC heap before
{Heap before GC invocations=2 (full 1):
 PSYoungGen      total 1835008K, used 16839K [0x0000000740000000, 0x00000007c0000000, 0x00000007c0000000)
  eden space 1572864K, 0% used [0x0000000740000000,0x0000000740000000,0x00000007a0000000)
  from space 262144K, 6% used [0x00000007a0000000,0x00000007a1071d60,0x00000007b0000000)
  to   space 262144K, 0% used [0x00000007b0000000,0x00000007b0000000,0x00000007c0000000)
 ParOldGen       total 4194304K, used 80K [0x0000000640000000, 0x0000000740000000, 0x0000000740000000)
  object space 4194304K, 0% used [0x0000000640000000,0x0000000640014010,0x0000000740000000)
 Metaspace       used 21040K, capacity 21206K, committed 21296K, reserved 1067008K
  class space    used 3047K, capacity 3095K, committed 3120K, reserved 1048576K
Event: 7.007 GC heap after
Heap after GC invocations=2 (full 1):
 PSYoungGen      total 1835008K, used 0K [0x0000000740000000, 0x00000007c0000000, 0x00000007c0000000)
  eden space 1572864K, 0% used [0x0000000740000000,0x0000000740000000,0x00000007a0000000)
  from space 262144K, 0% used [0x00000007a0000000,0x00000007a0000000,0x00000007b0000000)
  to   space 262144K, 0% used [0x00000007b0000000,0x00000007b0000000,0x00000007c0000000)
 ParOldGen       total 4194304K, used 15864K [0x0000000640000000, 0x0000000740000000, 0x0000000740000000)
  object space 4194304K, 0% used [0x0000000640000000,0x0000000640f7e3f8,0x0000000740000000)
 Metaspace       used 21040K, capacity 21206K, committed 21296K, reserved 1067008K
  class space    used 3047K, capacity 3095K, committed 3120K, reserved 1048576K
}
Event: 7.158 GC heap before
{Heap before GC invocations=3 (full 1):
 PSYoungGen      total 1835008K, used 110100K [0x0000000740000000, 0x00000007c0000000, 0x00000007c0000000)
  eden space 1572864K, 7% used [0x0000000740000000,0x0000000746b852b8,0x00000007a0000000)
  from space 262144K, 0% used [0x00000007a0000000,0x00000007a0000000,0x00000007b0000000)
  to   space 262144K, 0% used [0x00000007b0000000,0x00000007b0000000,0x00000007c0000000)
 ParOldGen       total 4194304K, used 15864K [0x0000000640000000, 0x0000000740000000, 0x0000000740000000)
  object space 4194304K, 0% used [0x0000000640000000,0x0000000640f7e3f8,0x0000000740000000)
 Metaspace       used 22281K, capacity 22402K, committed 22832K, reserved 1069056K
  class space    used 3208K, capacity 3257K, committed 3376K, reserved 1048576K
Event: 7.161 GC heap after
Heap after GC invocations=3 (full 1):
 PSYoungGen      total 1835008K, used 1778K [0x0000000740000000, 0x00000007c0000000, 0x00000007c0000000)
  eden space 1572864K, 0% used [0x0000000740000000,0x0000000740000000,0x00000007a0000000)
  from space 262144K, 0% used [0x00000007b0000000,0x00000007b01bcb28,0x00000007c0000000)
  to   space 262144K, 0% used [0x00000007a0000000,0x00000007a0000000,0x00000007b0000000)
 ParOldGen       total 4194304K, used 15872K [0x0000000640000000, 0x0000000740000000, 0x0000000740000000)
  object space 4194304K, 0% used [0x0000000640000000,0x0000000640f803f8,0x0000000740000000)
 Metaspace       used 22281K, capacity 22402K, committed 22832K, reserved 1069056K
  class space    used 3208K, capacity 3257K, committed 3376K, reserved 1048576K
}
Event: 7.161 GC heap before
{Heap before GC invocations=4 (full 2):
 PSYoungGen      total 1835008K, used 1778K [0x0000000740000000, 0x00000007c0000000, 0x00000007c0000000)
  eden space 1572864K, 0% used [0x0000000740000000,0x0000000740000000,0x00000007a0000000)
  from space 262144K, 0% used [0x00000007b0000000,0x00000007b01bcb28,0x00000007c0000000)
  to   space 262144K, 0% used [0x00000007a0000000,0x00000007a0000000,0x00000007b0000000)
 ParOldGen       total 4194304K, used 15872K [0x0000000640000000, 0x0000000740000000, 0x0000000740000000)
  object space 4194304K, 0% used [0x0000000640000000,0x0000000640f803f8,0x0000000740000000)
 Metaspace       used 22281K, capacity 22402K, committed 22832K, reserved 1069056K
  class space    used 3208K, capacity 3257K, committed 3376K, reserved 1048576K
Event: 7.205 GC heap after
Heap after GC invocations=4 (full 2):
 PSYoungGen      total 1835008K, used 0K [0x0000000740000000, 0x00000007c0000000, 0x00000007c0000000)
  eden space 1572864K, 0% used [0x0000000740000000,0x0000000740000000,0x00000007a0000000)
  from space 262144K, 0% used [0x00000007b0000000,0x00000007b0000000,0x00000007c0000000)
  to   space 262144K, 0% used [0x00000007a0000000,0x00000007a0000000,0x00000007b0000000)
 ParOldGen       total 4194304K, used 4989K [0x0000000640000000, 0x0000000740000000, 0x0000000740000000)
  object space 4194304K, 0% used [0x0000000640000000,0x00000006404df7c8,0x0000000740000000)
 Metaspace       used 22281K, capacity 22402K, committed 22832K, reserved 1069056K
  class space    used 3208K, capacity 3257K, committed 3376K, reserved 1048576K
}

